0 info it worked if it ends with ok
1 verbose cli [ '/usr/local/Cellar/nvm/0.20.0/versions/v4.3.1/bin/node',
1 verbose cli   '/usr/local/opt/nvm/versions/v4.3.1/bin/npm',
1 verbose cli   'run',
1 verbose cli   'test:unit' ]
2 info using npm@3.5.0
3 info using node@v4.3.1
4 verbose run-script [ 'pretest:unit', 'test:unit', 'posttest:unit' ]
5 info lifecycle lstest@0.0.1~pretest:unit: lstest@0.0.1
6 silly lifecycle lstest@0.0.1~pretest:unit: no script for pretest:unit, continuing
7 info lifecycle lstest@0.0.1~test:unit: lstest@0.0.1
8 verbose lifecycle lstest@0.0.1~test:unit: unsafe-perm in lifecycle true
9 verbose lifecycle lstest@0.0.1~test:unit: PATH: /usr/local/Cellar/nvm/0.20.0/versions/v4.3.1/lib/node_modules/npm/bin/node-gyp-bin:/Users/JP20175/Documents/src/blog/e2e/node_modules/.bin:/usr/local/opt/nvm/versions/v4.3.1/bin:/usr/local/opt/php70/bin:/Users/JP20175/.nvm/v0.10.32/bin:/usr/bin:/bin:/usr/sbin:/sbin:/usr/local/bin:/usr/local/git/bin:/Users/JP20175/.composer/vendor/bin
10 verbose lifecycle lstest@0.0.1~test:unit: CWD: /Users/JP20175/Documents/src/blog/e2e
11 silly lifecycle lstest@0.0.1~test:unit: Args: [ '-c', 'node lib/unit.js test/stateSpec.js' ]
12 silly lifecycle lstest@0.0.1~test:unit: Returned: code: 1  signal: null
13 info lifecycle lstest@0.0.1~test:unit: Failed to exec test:unit script
14 verbose stack Error: lstest@0.0.1 test:unit: `node lib/unit.js test/stateSpec.js`
14 verbose stack Exit status 1
14 verbose stack     at EventEmitter.<anonymous> (/usr/local/Cellar/nvm/0.20.0/versions/v4.3.1/lib/node_modules/npm/lib/utils/lifecycle.js:232:16)
14 verbose stack     at emitTwo (events.js:87:13)
14 verbose stack     at EventEmitter.emit (events.js:172:7)
14 verbose stack     at ChildProcess.<anonymous> (/usr/local/Cellar/nvm/0.20.0/versions/v4.3.1/lib/node_modules/npm/lib/utils/spawn.js:24:14)
14 verbose stack     at emitTwo (events.js:87:13)
14 verbose stack     at ChildProcess.emit (events.js:172:7)
14 verbose stack     at maybeClose (internal/child_process.js:821:16)
14 verbose stack     at Process.ChildProcess._handle.onexit (internal/child_process.js:211:5)
15 verbose pkgid lstest@0.0.1
16 verbose cwd /Users/JP20175/Documents/src/blog/e2e
17 error Darwin 14.5.0
18 error argv "/usr/local/Cellar/nvm/0.20.0/versions/v4.3.1/bin/node" "/usr/local/opt/nvm/versions/v4.3.1/bin/npm" "run" "test:unit"
19 error node v4.3.1
20 error npm  v3.5.0
21 error code ELIFECYCLE
22 error lstest@0.0.1 test:unit: `node lib/unit.js test/stateSpec.js`
22 error Exit status 1
23 error Failed at the lstest@0.0.1 test:unit script 'node lib/unit.js test/stateSpec.js'.
23 error Make sure you have the latest version of node.js and npm installed.
23 error If you do, this is most likely a problem with the lstest package,
23 error not with npm itself.
23 error Tell the author that this fails on your system:
23 error     node lib/unit.js test/stateSpec.js
23 error You can get their info via:
23 error     npm owner ls lstest
23 error There is likely additional logging output above.
24 verbose exit [ 1, true ]
